[yodacoach.webflow.io/index.html]
[backblue.gif]
[fade.gif]
[index.html]
[assets.website-files.com/62541755f55ba06a6275e55f/css/yodacoach.webflow.0201250ad.css]
[ajax.googleapis.com/ajax/libs/webfont/1.6.26/webfont.js]
[mc.yandex.ru/metrika/tag.js]
[assets.website-files.com/62541755f55ba06a6275e55f/62541755f55ba0a5a675e573_yoda-screen-1.png]
[assets.website-files.com/62541755f55ba06a6275e55f/62541755f55ba003d675e572_yoda-screen-2.png]
[assets.website-files.com/62541755f55ba06a6275e55f/62541755f55ba06b5c75e574_yoda-screen-3.png]
[d3e54v103j8qbb.cloudfront.net/js/jquery-3.5.1.min.dc5e7f18c83f26.js]
[assets.website-files.com/62541755f55ba06a6275e55f/js/webflow.502f3c1ca.js]
[cdn.jsdelivr.net/particles.js/2.0.0/particles.min.js]
[yodacoach.webflow.io/index.html]
[unpkg.com/sharect@2.0.0/dist/sharect.js]
[assets.website-files.com/62541755f55ba06a6275e55f/62541755f55ba02c5575e579_yoda-starwars.gif]
[assets.website-files.com/62541755f55ba06a6275e55f/62541755f55ba0666175e567_noise.gif]
[assets.website-files.com/62541755f55ba06a6275e55f/62541755f55ba079fb75e56a_yoda-card-1.gif]
[assets.website-files.com/62541755f55ba06a6275e55f/62541755f55ba01cfd75e570_yoda3.gif]
[assets.website-files.com/62541755f55ba06a6275e55f/62541755f55ba03b3875e571_star-wars-lightsaber.gif]
[assets.website-files.com/62541755f55ba06a6275e55f/62541755f55ba0254d75e57a_baby-yoda-soup.gif]
[assets.website-files.com/62541755f55ba06a6275e55f/css/yodacoach.webflow.0201250ad.css]
